<?xml version="1.0" encoding="UTF-8"?>
<!-- Generated by org.testng.reporters.JUnitReportReporter -->
<testsuite skipped="0" hostname="Ayushss-MBP.Dlink" name="deisgnPatterns.DemoAmazonPom2Style" tests="1" failures="0" timestamp="05 Apr 2019 20:42:28 GMT" time="3.429" errors="0">
  <testcase name="searchProduct" time="3.429" classname="deisgnPatterns.DemoAmazonPom2Style"/>
</testsuite> <!-- deisgnPatterns.DemoAmazonPom2Style -->
