<?xml version="1.0" encoding="UTF-8"?>
<!-- Generated by org.testng.reporters.JUnitReportReporter -->
<testsuite skipped="0" hostname="Ayushss-MBP.Dlink" name="deisgnPatterns.DemoAmazonPom1Style" tests="1" failures="0" timestamp="05 Apr 2019 20:28:37 GMT" time="3.775" errors="0">
  <testcase name="searchProduct" time="3.775" classname="deisgnPatterns.DemoAmazonPom1Style"/>
</testsuite> <!-- deisgnPatterns.DemoAmazonPom1Style -->
