<?xml version="1.0" encoding="UTF-8"?>
<!-- Generated by org.testng.reporters.JUnitReportReporter -->
<testsuite skipped="0" hostname="Ayushss-MBP.Dlink" name="deisgnPatterns.DemoAmazonPageFactory" tests="1" failures="0" timestamp="05 Apr 2019 21:03:35 GMT" time="3.926" errors="0">
  <testcase name="searchProduct" time="3.926" classname="deisgnPatterns.DemoAmazonPageFactory"/>
</testsuite> <!-- deisgnPatterns.DemoAmazonPageFactory -->
